<?xml version="1.0" encoding="UTF-8"?>
<!-- Generated by org.testng.reporters.JUnitXMLReporter -->
<testsuite ignored="0" hostname="QT-INBG-LT0279" failures="0" tests="8" name="Default test" time="45.275" errors="0" timestamp="2022-09-19T12:59:59 IST">
  <testcase classname="home" name="homepage1" time="7.372"/>
  <testcase classname="home" name="homepage2" time="5.446"/>
  <testcase classname="home" name="homepage3" time="5.38"/>
  <testcase classname="home" name="homepage4" time="5.346"/>
  <testcase classname="home" name="homepage5" time="5.498"/>
  <testcase classname="home" name="homepage6" time="5.322"/>
  <testcase classname="home" name="homepage7" time="5.239"/>
  <testcase classname="home" name="homepage8" time="5.596"/>
</testsuite> <!-- Default test -->
